\BOOKMARK [1][]{section*.3}{Refer\352ncias}{}% 1
\BOOKMARK [1][]{section.1}{Motiva\347\343o}{}% 2
\BOOKMARK [1][]{section.2}{MAPA GERAL DO QUE TA COM TESENO}{}% 3
\BOOKMARK [1][]{section.3}{Comunica\347\343o Web e Aplica\347\365es Web}{}% 4
\BOOKMARK [1][]{section.4}{Necessidade de Comunica\347\343o Bilateral}{}% 5
\BOOKMARK [2][]{subsection.4.1}{Polling}{section.4}% 6
\BOOKMARK [2][]{subsection.4.2}{Long-Polling}{section.4}% 7
\BOOKMARK [2][]{subsection.4.3}{Streaming}{section.4}% 8
\BOOKMARK [1][]{section.5}{Sockets}{}% 9
\BOOKMARK [1][]{section.6}{Websockets}{}% 10
\BOOKMARK [2][]{subsection.6.1}{Teste de efici\352ncia de Websockets}{section.6}% 11
\BOOKMARK [1][]{section.7}{Socket.io}{}% 12
\BOOKMARK [1][]{section.8}{Implementa\347\343o}{}% 13
\BOOKMARK [2][]{subsection.8.1}{Servidor}{section.8}% 14
\BOOKMARK [1][]{section.9}{Device}{}% 15
\BOOKMARK [1][]{section.10}{Server}{}% 16
\BOOKMARK [1][]{section.11}{Browser}{}% 17
\BOOKMARK [1][]{section.12}{Parte Subjetiva}{}% 18
\BOOKMARK [1][]{section.13}{Kivy}{}% 19
\BOOKMARK [1][]{section.14}{Cordova}{}% 20
\BOOKMARK [1][]{section.15}{Bibliografia}{}% 21
